2025-03-03 19:20:20:595  INFO 7912 --- [main] c.w.w.WjqPictureBackendApplicationTests  : Starting WjqPictureBackendApplicationTests using Java 11.0.26 on LAPTOP-JNJRBILD with PID 7912 (started by wjq23 in F:\idea_java_projects\project_practice\wjq-picture-backend)
2025-03-03 19:20:20:602 DEBUG 7912 --- [main] c.w.w.WjqPictureBackendApplicationTests  : Running with Spring Boot v2.7.6, Spring v5.3.24
2025-03-03 19:20:20:602  INFO 7912 --- [main] c.w.w.WjqPictureBackendApplicationTests  : The following 1 profile is active: "local"
2025-03-03 19:20:21:533  INFO 7912 --- [main] .s.d.r.c.RepositoryConfigurationDelegate : Multiple Spring Data modules found, entering strict repository configuration mode
2025-03-03 19:20:21:535  INFO 7912 --- [main] .s.d.r.c.RepositoryConfigurationDelegate : Bootstrapping Spring Data Redis repositories in DEFAULT mode.
2025-03-03 19:20:21:558  INFO 7912 --- [main] .s.d.r.c.RepositoryConfigurationDelegate : Finished Spring Data repository scanning in 7 ms. Found 0 Redis repository interfaces.
2025-03-03 19:20:21:659  WARN 7912 --- [main] o.m.s.mapper.ClassPathMapperScanner      : Skipping MapperFactoryBean with name 'pictureMapper' and 'com.wjq.wjqpicturebackend.mapper.PictureMapper' mapperInterface. Bean already defined with the same name!
2025-03-03 19:20:21:660  WARN 7912 --- [main] o.m.s.mapper.ClassPathMapperScanner      : Skipping MapperFactoryBean with name 'userMapper' and 'com.wjq.wjqpicturebackend.mapper.UserMapper' mapperInterface. Bean already defined with the same name!
2025-03-03 19:20:21:660  WARN 7912 --- [main] o.m.s.mapper.ClassPathMapperScanner      : No MyBatis mapper was found in '[com.wjq.wjqpicturebackend.mapper]' package. Please check your configuration.
2025-03-03 19:20:25:123  INFO 7912 --- [main] o.s.b.a.w.s.WelcomePageHandlerMapping    : Adding welcome page: class path resource [static/index.html]
2025-03-03 19:20:25:309  INFO 7912 --- [main] pertySourcedRequestMappingHandlerMapping : Mapped URL path [/v2/api-docs] onto method [springfox.documentation.swagger2.web.Swagger2ControllerWebMvc#getDocumentation(String, HttpServletRequest)]
2025-03-03 19:20:26:337  INFO 7912 --- [main] d.s.w.p.DocumentationPluginsBootstrapper : Documentation plugins bootstrapped
2025-03-03 19:20:26:340  INFO 7912 --- [main] d.s.w.p.DocumentationPluginsBootstrapper : Found 1 custom documentation plugin(s)
2025-03-03 19:20:26:364  INFO 7912 --- [main] s.d.s.w.s.ApiListingReferenceScanner     : Scanning for api listing references
2025-03-03 19:20:26:597  INFO 7912 --- [main] s.a.ScheduledAnnotationBeanPostProcessor : No TaskScheduler/ScheduledExecutorService bean found for scheduled processing
2025-03-03 19:20:26:604  INFO 7912 --- [main] c.w.w.WjqPictureBackendApplicationTests  : Started WjqPictureBackendApplicationTests in 6.385 seconds (JVM running for 7.333)
2025-03-03 19:20:26:905  INFO 7912 --- [SpringApplicationShutdownHook] c.qcloud.cos.http.DefaultCosHttpClient   : shutdown stackTrace:
Class: com.qcloud.cos.http.DefaultCosHttpClient, Method: shutdown, Line: 147
Class: com.qcloud.cos.COSClient, Method: shutdown, Line: 183
Class: jdk.internal.reflect.NativeMethodAccessorImpl, Method: invoke0, Line: -2
Class: jdk.internal.reflect.NativeMethodAccessorImpl, Method: invoke, Line: 62
Class: jdk.internal.reflect.DelegatingMethodAccessorImpl, Method: invoke, Line: 43
Class: java.lang.reflect.Method, Method: invoke, Line: 566
Class: org.springframework.beans.factory.support.DisposableBeanAdapter, Method: invokeCustomDestroyMethod, Line: 319
Class: org.springframework.beans.factory.support.DisposableBeanAdapter, Method: destroy, Line: 253
Class: org.springframework.beans.factory.support.DefaultSingletonBeanRegistry, Method: destroyBean, Line: 587
Class: org.springframework.beans.factory.support.DefaultSingletonBeanRegistry, Method: destroySingleton, Line: 559
Class: org.springframework.beans.factory.support.DefaultListableBeanFactory, Method: destroySingleton, Line: 1163
Class: org.springframework.beans.factory.support.DefaultSingletonBeanRegistry, Method: destroySingletons, Line: 520
Class: org.springframework.beans.factory.support.DefaultListableBeanFactory, Method: destroySingletons, Line: 1156
Class: org.springframework.context.support.AbstractApplicationContext, Method: destroyBeans, Line: 1106
Class: org.springframework.context.support.AbstractApplicationContext, Method: doClose, Line: 1075
Class: org.springframework.context.support.AbstractApplicationContext, Method: close, Line: 1021
Class: org.springframework.boot.SpringApplicationShutdownHook, Method: closeAndWait, Line: 145
Class: java.lang.Iterable, Method: forEach, Line: 75
Class: org.springframework.boot.SpringApplicationShutdownHook, Method: run, Line: 114
Class: java.lang.Thread, Method: run, Line: 829
